<?xml version="1.0" encoding="UTF-8"?>
<!-- Generated by org.testng.reporters.JUnitReportReporter -->
<testsuite hostname="DESKTOP-S3FLF3O" failures="0" tests="1" name="Auothintication.Oauothintication_Class" time="3.696" errors="0" timestamp="2024-01-16T11:24:19 IST" skipped="0">
  <testcase classname="Auothintication.Oauothintication_Class" name="getAuothintication" time="3.696"/>
</testsuite> <!-- Auothintication.Oauothintication_Class -->
