<?xml version="1.0" encoding="UTF-8"?>
<!-- Generated by org.testng.reporters.JUnitReportReporter -->
<testsuite hostname="DESKTOP-S3FLF3O" failures="0" tests="1" name="Auothintication.SpecBuilderClass" time="2.504" errors="0" timestamp="2024-01-18T14:51:00 IST" skipped="0">
  <testcase classname="Auothintication.SpecBuilderClass" name="getData" time="2.504"/>
</testsuite> <!-- Auothintication.SpecBuilderClass -->
