<?xml version="1.0" encoding="UTF-8"?>
<!-- Generated by org.testng.reporters.JUnitReportReporter -->
<testsuite hostname="DESKTOP-S3FLF3O" failures="0" tests="1" name="Auothintication.SpecBuilderClass" time="2.746" errors="0" timestamp="2024-01-22T15:17:01 IST" skipped="0">
  <testcase classname="Auothintication.SpecBuilderClass" name="getData" time="2.746"/>
</testsuite> <!-- Auothintication.SpecBuilderClass -->
