<?xml version="1.0" encoding="UTF-8"?>
<!-- Generated by org.testng.reporters.JUnitReportReporter -->
<testsuite hostname="DESKTOP-S3FLF3O" failures="0" tests="1" name="Auothintication.Serielisation" time="3.427" errors="0" timestamp="2024-01-11T17:37:30 IST" skipped="0">
  <testcase classname="Auothintication.Serielisation" name="getData" time="3.427"/>
</testsuite> <!-- Auothintication.Serielisation -->
