<?xml version="1.0" encoding="UTF-8"?>
<!-- Generated by org.testng.reporters.JUnitReportReporter -->
<testsuite hostname="DESKTOP-S3FLF3O" failures="0" tests="1" name="Auothintication.Oauothintication_Class" time="3.464" errors="0" timestamp="2024-01-22T14:12:02 IST" skipped="0">
  <testcase classname="Auothintication.Oauothintication_Class" name="getAuothintication" time="3.464"/>
</testsuite> <!-- Auothintication.Oauothintication_Class -->
